-------------------------------------------------------------------------------
Test set: com.game.bullsandcows.result.RepeatAndOptionCheckTest
-------------------------------------------------------------------------------
Tests run: 2, Failures: 0, Errors: 2, Skipped: 0, Time elapsed: 0.010 s <<< FAILURE! -- in com.game.bullsandcows.result.RepeatAndOptionCheckTest
com.game.bullsandcows.result.RepeatAndOptionCheckTest.testRepeatNumbersCheck -- Time elapsed: 0.003 s <<< ERROR!
java.util.NoSuchElementException: No line found
	at java.base/java.util.Scanner.nextLine(Scanner.java:1651)
	at com.game.bullsandcows.result.RepeatAndOptionCheck.repeatNumbersCheck(RepeatAndOptionCheck.java:19)
	at com.game.bullsandcows.result.RepeatAndOptionCheckTest.testRepeatNumbersCheck(RepeatAndOptionCheckTest.java:31)
	at java.base/java.lang.reflect.Method.invoke(Method.java:568)
	at java.base/java.util.ArrayList.forEach(ArrayList.java:1511)
	at java.base/java.util.ArrayList.forEach(ArrayList.java:1511)

com.game.bullsandcows.result.RepeatAndOptionCheckTest.testNumberOptCheck -- Time elapsed: 0.004 s <<< ERROR!
java.util.NoSuchElementException
	at java.base/java.util.Scanner.throwFor(Scanner.java:937)
	at java.base/java.util.Scanner.next(Scanner.java:1594)
	at java.base/java.util.Scanner.nextInt(Scanner.java:2258)
	at java.base/java.util.Scanner.nextInt(Scanner.java:2212)
	at com.game.bullsandcows.result.RepeatAndOptionCheck.numberOptCheck(RepeatAndOptionCheck.java:35)
	at com.game.bullsandcows.result.RepeatAndOptionCheckTest.testNumberOptCheck(RepeatAndOptionCheckTest.java:37)
	at java.base/java.lang.reflect.Method.invoke(Method.java:568)
	at java.base/java.util.ArrayList.forEach(ArrayList.java:1511)
	at java.base/java.util.ArrayList.forEach(ArrayList.java:1511)

